<?xml version="1.0" encoding="UTF-8"?>
<!-- Generated by org.testng.reporters.JUnitReportReporter -->
<testsuite hostname="ICS-LTP-VELSEL" failures="0" tests="4" name="api.test.Usertests2" time="9.708" errors="0" timestamp="2024-01-24T15:17:46 NZDT" skipped="0">
  <testcase classname="api.test.Usertests2" name="testpostuser" time="5.199"/>
  <testcase classname="api.test.Usertests2" name="testgetuser" time="1.248"/>
  <testcase classname="api.test.Usertests2" name="testupdateuser" time="2.118"/>
  <testcase classname="api.test.Usertests2" name="testdeleteuser" time="1.143"/>
</testsuite> <!-- api.test.Usertests2 -->
