<?xml version="1.0" encoding="UTF-8"?>
<!-- Generated by org.testng.reporters.JUnitReportReporter -->
<testsuite hostname="ICS-LTP-VELSEL" failures="0" tests="6" name="api.test.DDTests" time="6.478" errors="0" timestamp="2024-01-24T15:17:46 NZDT" skipped="0">
  <testcase classname="api.test.DDTests" name="testpostuser" time="1.106"/>
  <testcase classname="api.test.DDTests" name="testpostuser" time="1.021"/>
  <testcase classname="api.test.DDTests" name="testpostuser" time="1.017"/>
  <testcase classname="api.test.DDTests" name="testdeleteuserbyname" time="1.156"/>
  <testcase classname="api.test.DDTests" name="testdeleteuserbyname" time="1.127"/>
  <testcase classname="api.test.DDTests" name="testdeleteuserbyname" time="1.051"/>
</testsuite> <!-- api.test.DDTests -->
