<?xml version="1.0" encoding="UTF-8"?>
<!-- Generated by org.testng.reporters.JUnitReportReporter -->
<testsuite hostname="ICS-LTP-VELSEL" failures="0" tests="4" name="api.test.Usertests" time="9.659" errors="0" timestamp="2024-01-24T14:45:09 NZDT" skipped="0">
  <testcase classname="api.test.Usertests" name="testpostuser" time="4.587"/>
  <testcase classname="api.test.Usertests" name="testgetuser" time="1.264"/>
  <testcase classname="api.test.Usertests" name="testupdateuser" time="2.453"/>
  <testcase classname="api.test.Usertests" name="testdeleteuser" time="1.355"/>
</testsuite> <!-- api.test.Usertests -->
